Arguments: 
  /usr/local/Cellar/node/12.4.0/bin/node /usr/local/Cellar/yarn/1.16.0/libexec/bin/yarn.js add @types/simple-git -D

PATH: 
  /usr/local/bin:/usr/bin:/bin:/usr/sbin:/sbin

Yarn version: 
  1.16.0

Node version: 
  12.4.0

Platform: 
  darwin x64

Trace: 
  Error: https://registry.yarnpkg.com/@types%2fsimple-git: Not found
      at Request.params.callback [as _callback] (/usr/local/Cellar/yarn/1.16.0/libexec/lib/cli.js:66091:18)
      at Request.self.callback (/usr/local/Cellar/yarn/1.16.0/libexec/lib/cli.js:129590:22)
      at Request.emit (events.js:200:13)
      at Request.<anonymous> (/usr/local/Cellar/yarn/1.16.0/libexec/lib/cli.js:130562:10)
      at Request.emit (events.js:200:13)
      at IncomingMessage.<anonymous> (/usr/local/Cellar/yarn/1.16.0/libexec/lib/cli.js:130484:12)
      at Object.onceWrapper (events.js:288:20)
      at IncomingMessage.emit (events.js:205:15)
      at endReadableNT (_stream_readable.js:1154:12)
      at processTicksAndRejections (internal/process/task_queues.js:84:9)

npm manifest: 
  {
  	"name": "hook",
  	"version": "1.0.0",
  	"description": "Hook allows for easy automated deployment of production node.js applications.",
  	"main": "dist/index.js",
  	"dependencies": {
  		"@hapi/hapi": "^18.3.1",
  		"debug": "^4.1.1",
  		"fs-extra": "^8.0.1",
  		"hapi": "^18.1.0",
  		"marked": "^0.6.2",
  		"marked-terminal": "^3.2.0",
  		"minimist": "^1.2.0",
  		"simple-git": "^1.115.0",
  		"supports-color": "^7.0.0"
  	},
  	"devDependencies": {
  		"@types/debug": "^4.1.4",
  		"@types/fs-extra": "^7.0.0",
  		"@types/hapi": "^18.0.2",
  		"@types/marked": "^0.6.5",
  		"@types/marked-terminal": "^3.1.1",
  		"@types/minimist": "^1.2.0",
  		"ts-node": "^8.3.0",
  		"typescript": "^3.5.2"
  	},
  	"scripts": {
  		"dev": "DEBUG=* ts-node src/index.ts",
  		"test": "echo \"Error: no test specified\" && exit 1"
  	},
  	"author": "",
  	"license": "ISC"
  }

yarn manifest: 
  No manifest

Lockfile: 
  # THIS IS AN AUTOGENERATED FILE. DO NOT EDIT THIS FILE DIRECTLY.
  # yarn lockfile v1
  
  
  "@hapi/accept@3.x.x":
    version "3.2.2"
    resolved "https://registry.yarnpkg.com/@hapi/accept/-/accept-3.2.2.tgz#3a033af67be8196c23f8f51aa8756687b972c7cb"
    integrity sha512-UtXlTT59srtMr7ZRBzK2CvyWqFwlf78hPt9jEXqkwfbwiwRH1PRv/qkS8lgr5ZyoG6kfpU3xTgt2X91Yfe/6Yg==
    dependencies:
      "@hapi/boom" "7.x.x"
      "@hapi/hoek" "6.x.x"
  
  "@hapi/address@2.x.x":
    version "2.0.0"
    resolved "https://registry.yarnpkg.com/@hapi/address/-/address-2.0.0.tgz#9f05469c88cb2fd3dcd624776b54ee95c312126a"
    integrity sha512-mV6T0IYqb0xL1UALPFplXYQmR0twnXG0M6jUswpquqT2sD12BOiCiLy3EvMp/Fy7s3DZElC4/aPjEjo2jeZpvw==
  
  "@hapi/ammo@3.x.x":
    version "3.1.0"
    resolved "https://registry.yarnpkg.com/@hapi/ammo/-/ammo-3.1.0.tgz#a3281ecb68bf7af2ffa6d0f7656536a7d23700ed"
    integrity sha512-iFQBEfm3WwWy8JdPQ8l6qXVLPtzmjITVfaxwl6dfoP8kKv6i2Uk43Ax+ShkNfOVyfEnNggqL2IyZTY3DaaRGNg==
    dependencies:
      "@hapi/hoek" "6.x.x"
  
  "@hapi/b64@4.x.x":
    version "4.2.0"
    resolved "https://registry.yarnpkg.com/@hapi/b64/-/b64-4.2.0.tgz#76de0c7ed76e55bfa42709a4facfe894dd41d741"
    integrity sha512-hmfPC1aF7cP21489A/IWPC3s1GE+1eAteVwFcOWLwj0Pky8eHgvrXPSSko2IeCpxqOdZhYw71IFN8xKPdv3CtQ==
    dependencies:
      "@hapi/hoek" "6.x.x"
  
  "@hapi/boom@7.x.x":
    version "7.4.2"
    resolved "https://registry.yarnpkg.com/@hapi/boom/-/boom-7.4.2.tgz#c16957cd09796f6c1bfb4031bdc39d66d6d750c3"
    integrity sha512-T2CYcTI0AqSvC6YC7keu/fh9LVSMzfoMLharBnPbOwmc+Cexj9joIc5yNDKunaxYq9LPuOwMS0f2B3S1tFQUNw==
    dependencies:
      "@hapi/hoek" "6.x.x"
  
  "@hapi/bounce@1.x.x":
    version "1.3.0"
    resolved "https://registry.yarnpkg.com/@hapi/bounce/-/bounce-1.3.0.tgz#059f194df905ca5a1411d40803a665ee170533e8"
    integrity sha512-gF5W/9AL10h/06HEf1bi0FP6KxZZ8LC/yHtDuoACw+1HrULvigHfnBIaSPFJXeHI3V3g0EkJpt1UOW0NKB+m+w==
    dependencies:
      "@hapi/boom" "7.x.x"
      "@hapi/hoek" "6.x.x"
  
  "@hapi/bourne@1.x.x":
    version "1.3.2"
    resolved "https://registry.yarnpkg.com/@hapi/bourne/-/bourne-1.3.2.tgz#0a7095adea067243ce3283e1b56b8a8f453b242a"
    integrity sha512-1dVNHT76Uu5N3eJNTYcvxee+jzX4Z9lfciqRRHCU27ihbUcYi+iSc2iml5Ke1LXe1SyJCLA0+14Jh4tXJgOppA==
  
  "@hapi/call@5.x.x":
    version "5.1.0"
    resolved "https://registry.yarnpkg.com/@hapi/call/-/call-5.1.0.tgz#91e4c434318003173d96d211d90d35736a33945e"
    integrity sha512-CiVEXjD/jiIHBqufBW3pdedshEMjRmHtff7m1puot8j4MUmuKRbLlh0DB8fv6QqH/7/55pH1qgFj300r0WpyMw==
    dependencies:
      "@hapi/boom" "7.x.x"
      "@hapi/hoek" "6.x.x"
  
  "@hapi/catbox-memory@4.x.x":
    version "4.1.0"
    resolved "https://registry.yarnpkg.com/@hapi/catbox-memory/-/catbox-memory-4.1.0.tgz#cb5fbaf45c52beb44766dae018a2aee7b43e9c88"
    integrity sha512-libCGyufOZaJu6uE9nVXw/u8tqOt4ifNIrOSAsDjzS+af3vPJyid8faOICqKCAh3E338UAsUe5AeYdezdsmtpg==
    dependencies:
      "@hapi/boom" "7.x.x"
      "@hapi/hoek" "6.x.x"
  
  "@hapi/catbox@10.x.x":
    version "10.2.1"
    resolved "https://registry.yarnpkg.com/@hapi/catbox/-/catbox-10.2.1.tgz#ae21fbcdd16e4dff802b6969ee2d6bc51b7e1128"
    integrity sha512-u13BXlnmmrNUZssjTriRVTLuk6I/yUy5C1/Pia1+E2cpfd7o2/jmEvYdFgeS0Ft9QTz7WWhpXKlrguARUuohhQ==
    dependencies:
      "@hapi/boom" "7.x.x"
      "@hapi/hoek" "6.x.x"
      "@hapi/joi" "15.x.x"
      "@hapi/podium" "3.x.x"
  
  "@hapi/content@4.x.x":
    version "4.1.0"
    resolved "https://registry.yarnpkg.com/@hapi/content/-/content-4.1.0.tgz#5265516949ca081e85a43e97c1058ff53fc69714"
    integrity sha512-hv2Czsl49hnWDEfRZOFow/BmYbKyfEknmk3k83gOp6moFn5ceHB4xVcna8OwsGfy8dxO81lhpPy+JgQEaU4SWw==
    dependencies:
      "@hapi/boom" "7.x.x"
  
  "@hapi/cryptiles@4.x.x":
    version "4.2.0"
    resolved "https://registry.yarnpkg.com/@hapi/cryptiles/-/cryptiles-4.2.0.tgz#d22bd5afa54f3c1a3b944a43dadfd4c5e5747f72"
    integrity sha512-P+ioMP1JGhwDOKPRuQls6sT/ln6Fk+Ks6d90mlBi6HcOu5itvdUiFv5Ynq2DvLadPDWaA43lwNxkfZrjE9s2MA==
    dependencies:
      "@hapi/boom" "7.x.x"
  
  "@hapi/hapi@^18.3.1":
    version "18.3.1"
    resolved "https://registry.yarnpkg.com/@hapi/hapi/-/hapi-18.3.1.tgz#936d1e24551b11486eabd6a4974bea4ec2127669"
    integrity sha512-gBiU9isWWezrg0ucX95Ph6AY6fUKZub3FxKapaleoFBJDOUcxTYiQR6Lha2zvHalIFoTl3K04O3Yr/5pD17QkQ==
    dependencies:
      "@hapi/accept" "3.x.x"
      "@hapi/ammo" "3.x.x"
      "@hapi/boom" "7.x.x"
      "@hapi/bounce" "1.x.x"
      "@hapi/call" "5.x.x"
      "@hapi/catbox" "10.x.x"
      "@hapi/catbox-memory" "4.x.x"
      "@hapi/heavy" "6.x.x"
      "@hapi/hoek" "6.x.x"
      "@hapi/joi" "15.x.x"
      "@hapi/mimos" "4.x.x"
      "@hapi/podium" "3.x.x"
      "@hapi/shot" "4.x.x"
      "@hapi/somever" "2.x.x"
      "@hapi/statehood" "6.x.x"
      "@hapi/subtext" "6.x.x"
      "@hapi/teamwork" "3.x.x"
      "@hapi/topo" "3.x.x"
  
  "@hapi/heavy@6.x.x":
    version "6.2.0"
    resolved "https://registry.yarnpkg.com/@hapi/heavy/-/heavy-6.2.0.tgz#b6c30578e1f30ab6ca17a818772f11b1116ba8cc"
    integrity sha512-tzGU9cElY0IxRBudGB7tLFkdpBD8XQPfd6G7DSOnvHRK+q96UHGHn4t59Yd7kDpVucNkErWWYarsGx2KmKPkXA==
    dependencies:
      "@hapi/boom" "7.x.x"
      "@hapi/hoek" "6.x.x"
      "@hapi/joi" "15.x.x"
  
  "@hapi/hoek@6.x.x":
    version "6.2.4"
    resolved "https://registry.yarnpkg.com/@hapi/hoek/-/hoek-6.2.4.tgz#4b95fbaccbfba90185690890bdf1a2fbbda10595"
    integrity sha512-HOJ20Kc93DkDVvjwHyHawPwPkX44sIrbXazAUDiUXaY2R9JwQGo2PhFfnQtdrsIe4igjG2fPgMra7NYw7qhy0A==
  
  "@hapi/iron@5.x.x":
    version "5.1.0"
    resolved "https://registry.yarnpkg.com/@hapi/iron/-/iron-5.1.0.tgz#c3b34783cd19b7b8aabe11b72b0ce3781fcee08d"
    integrity sha512-+MK3tBPkEKd50SrDTRXa2DVvE0UTPFKxGbodlbQpNP9SVlxi+ZwA640VJtMNj84FZh81UUxda8AOLPRKFffnEA==
    dependencies:
      "@hapi/b64" "4.x.x"
      "@hapi/boom" "7.x.x"
      "@hapi/cryptiles" "4.x.x"
      "@hapi/hoek" "6.x.x"
  
  "@hapi/joi@15.x.x":
    version "15.0.3"
    resolved "https://registry.yarnpkg.com/@hapi/joi/-/joi-15.0.3.tgz#e94568fd859e5e945126d5675e7dd218484638a7"
    integrity sha512-z6CesJ2YBwgVCi+ci8SI8zixoj8bGFn/vZb9MBPbSyoxsS2PnWYjHcyTM17VLK6tx64YVK38SDIh10hJypB+ig==
    dependencies:
      "@hapi/address" "2.x.x"
      "@hapi/hoek" "6.x.x"
      "@hapi/topo" "3.x.x"
  
  "@hapi/mimos@4.x.x":
    version "4.1.0"
    resolved "https://registry.yarnpkg.com/@hapi/mimos/-/mimos-4.1.0.tgz#8c3345ca3b70c0e10e7e9e35f0e01d314c2d4e32"
    integrity sha512-CkxOB15TFZDMl5tQ5qezKZvvBnkRYVc8YksNfA5TnqQMMsU7vGPyvuuNFqj+15bfEwHyM6qasxyQNdkX9B/cQw==
    dependencies:
      "@hapi/hoek" "6.x.x"
      mime-db "1.x.x"
  
  "@hapi/nigel@3.x.x":
    version "3.1.0"
    resolved "https://registry.yarnpkg.com/@hapi/nigel/-/nigel-3.1.0.tgz#88f78220f4f022a5bd1d61b59505367861425595"
    integrity sha512-IJyau32pz5Bf7pzUU/8AIn/SvPvhLMQcOel6kM7ECpKyPc895AwttSusRKfgTwfxZOEG6W8DnNv25gLtqrVFSg==
    dependencies:
      "@hapi/hoek" "6.x.x"
      "@hapi/vise" "3.x.x"
  
  "@hapi/pez@4.x.x":
    version "4.1.0"
    resolved "https://registry.yarnpkg.com/@hapi/pez/-/pez-4.1.0.tgz#97a88e5d19e756efbd24e5f583d59fa8db1d6cba"
    integrity sha512-c+AxL8/cCj+7FB+tzJ5FhWKYP8zF7/7mA3Ft3a5y7h6YT26qzhj5d2JY27jur30KaZbrZAd4ofXXkqvE/IpJlA==
    dependencies:
      "@hapi/b64" "4.x.x"
      "@hapi/boom" "7.x.x"
      "@hapi/content" "4.x.x"
      "@hapi/hoek" "6.x.x"
      "@hapi/nigel" "3.x.x"
  
  "@hapi/podium@3.x.x":
    version "3.4.0"
    resolved "https://registry.yarnpkg.com/@hapi/podium/-/podium-3.4.0.tgz#350b2a93eb13b8b7e297e5bcd8b1fea26e359607"
    integrity sha512-IwyewAPGlCoq+g5536PKSDqSTfgpwbj+q4cBJpEUNqzwc5C5SM2stuFsULU7x1jKeWevfgWDoYWC75ML4IOYug==
    dependencies:
      "@hapi/hoek" "6.x.x"
      "@hapi/joi" "15.x.x"
  
  "@hapi/shot@4.x.x":
    version "4.1.0"
    resolved "https://registry.yarnpkg.com/@hapi/shot/-/shot-4.1.0.tgz#e564bf5474d932e947bc48ab35ff565d4e1bf57b"
    integrity sha512-rpUU5cF08fqAZLLnue6Sy0osj1QMPbrYskehxtLFPdk7CwlPcu9N/wRtgu7vDHTQCKTkag6M8sjc8V8p8lSxpg==
    dependencies:
      "@hapi/hoek" "6.x.x"
      "@hapi/joi" "15.x.x"
  
  "@hapi/somever@2.x.x":
    version "2.1.0"
    resolved "https://registry.yarnpkg.com/@hapi/somever/-/somever-2.1.0.tgz#46ccf2a85ab77635982af15aa4a28c847717bdbf"
    integrity sha512-kMPewbpgLd0MSlNg0bjvq57Levozbg7c3O0idpWRxRgXfXBALNATLf8GRVbnMehYXAh7YRD2mR/91kginDtJ2Q==
    dependencies:
      "@hapi/bounce" "1.x.x"
      "@hapi/hoek" "6.x.x"
  
  "@hapi/statehood@6.x.x":
    version "6.1.0"
    resolved "https://registry.yarnpkg.com/@hapi/statehood/-/statehood-6.1.0.tgz#2681c738d816281d6a590286054c8b9e779116fc"
    integrity sha512-qc8Qq3kg0b3XK7siXf6DK0wp+rcOrXv336kIP6YrtD9TbQ45TsBobwKkUXB+4R3GCCQ8a6tOj8FR/9bdtjKJCA==
    dependencies:
      "@hapi/boom" "7.x.x"
      "@hapi/bounce" "1.x.x"
      "@hapi/bourne" "1.x.x"
      "@hapi/cryptiles" "4.x.x"
      "@hapi/hoek" "6.x.x"
      "@hapi/iron" "5.x.x"
      "@hapi/joi" "15.x.x"
  
  "@hapi/subtext@6.x.x":
    version "6.1.0"
    resolved "https://registry.yarnpkg.com/@hapi/subtext/-/subtext-6.1.0.tgz#580c7e0cff5347a8479018346d72c753ee8611c6"
    integrity sha512-dNL4IspNciKUK9RJuArwyS1MO07ZU64z4JrCzY1+vRKczYqin8M5i34cpOrQNP3pD/A/6IbRcFg0Jl0G6pwjnA==
    dependencies:
      "@hapi/boom" "7.x.x"
      "@hapi/bourne" "1.x.x"
      "@hapi/content" "4.x.x"
      "@hapi/hoek" "6.x.x"
      "@hapi/pez" "4.x.x"
      "@hapi/wreck" "15.x.x"
  
  "@hapi/teamwork@3.x.x":
    version "3.3.1"
    resolved "https://registry.yarnpkg.com/@hapi/teamwork/-/teamwork-3.3.1.tgz#b52d0ec48682dc793926bd432e22ceb19c915d3f"
    integrity sha512-61tiqWCYvMKP7fCTXy0M4VE6uNIwA0qvgFoiDubgfj7uqJ0fdHJFQNnVPGrxhLWlwz0uBPWrQlBH7r8y9vFITQ==
  
  "@hapi/topo@3.x.x":
    version "3.1.0"
    resolved "https://registry.yarnpkg.com/@hapi/topo/-/topo-3.1.0.tgz#5c47cd9637c2953db185aa957a27bcb2a8b7a6f8"
    integrity sha512-gZDI/eXOIk8kP2PkUKjWu9RW8GGVd2Hkgjxyr/S7Z+JF+0mr7bAlbw+DkTRxnD580o8Kqxlnba9wvqp5aOHBww==
    dependencies:
      "@hapi/hoek" "6.x.x"
  
  "@hapi/vise@3.x.x":
    version "3.1.0"
    resolved "https://registry.yarnpkg.com/@hapi/vise/-/vise-3.1.0.tgz#4fa71b9e752f35e5519115c73a47479a7375b445"
    integrity sha512-DUDzV0D4iVO5atghsjGZtzaF0HVtRLcxcnH6rAONyH0stnoLiFloGEuP5nkbIPU0B9cgWTzTUsQPuNHBzxy9Yw==
    dependencies:
      "@hapi/hoek" "6.x.x"
  
  "@hapi/wreck@15.x.x":
    version "15.0.1"
    resolved "https://registry.yarnpkg.com/@hapi/wreck/-/wreck-15.0.1.tgz#b9f881965a7e649a8fffe6de25ba41973ed28415"
    integrity sha512-ByXQna/W1FZk7dg8NEhL79u4QkhzszRz76VpgyGstSH8bLM01a0C8RsxmUBgi6Tjkag5jA9kaEIhF9dLpMrtBw==
    dependencies:
      "@hapi/boom" "7.x.x"
      "@hapi/bourne" "1.x.x"
      "@hapi/hoek" "6.x.x"
  
  "@types/boom@*":
    version "7.2.1"
    resolved "https://registry.yarnpkg.com/@types/boom/-/boom-7.2.1.tgz#a21e21ba08cc49d17b26baef98e1a77ee4d6cdb0"
    integrity sha512-kOiap+kSa4DPoookJXQGQyKy1rjZ55tgfKAh9F0m1NUdukkcwVzpSnXPMH42a5L+U++ugdQlh/xFJu/WAdr1aw==
  
  "@types/catbox@*":
    version "10.0.6"
    resolved "https://registry.yarnpkg.com/@types/catbox/-/catbox-10.0.6.tgz#8a4c91261cf0afca03351bb82a95b2d6cf43a5d0"
    integrity sha512-qS0VHlL6eBUUoUeBnI/ASCffoniS62zdV6IUtLSIjGKmRhZNawotaOMsTYivZOTZVktfe9koAJkD9XFac7tEEg==
  
  "@types/debug@^4.1.4":
    version "4.1.4"
    resolved "https://registry.yarnpkg.com/@types/debug/-/debug-4.1.4.tgz#56eec47706f0fd0b7c694eae2f3172e6b0b769da"
    integrity sha512-D9MyoQFI7iP5VdpEyPZyjjqIJ8Y8EDNQFIFVLOmeg1rI1xiHOChyUPMPRUVfqFCerxfE+yS3vMyj37F6IdtOoQ==
  
  "@types/fs-extra@^7.0.0":
    version "7.0.0"
    resolved "https://registry.yarnpkg.com/@types/fs-extra/-/fs-extra-7.0.0.tgz#9c4ad9e1339e7448a76698829def1f159c1b636c"
    integrity sha512-ndoMMbGyuToTy4qB6Lex/inR98nPiNHacsgMPvy+zqMLgSxbt8VtWpDArpGp69h1fEDQHn1KB+9DWD++wgbwYA==
    dependencies:
      "@types/node" "*"
  
  "@types/hapi@^18.0.2":
    version "18.0.2"
    resolved "https://registry.yarnpkg.com/@types/hapi/-/hapi-18.0.2.tgz#2c3ed843e1e7358486eccf64256e91f7918948b2"
    integrity sha512-I3THPpOY0G0bXNLzyaqUzMIbqPrci21C1Vqlnek348SJq2Gp7TLSnQbwOb+v/xunxCTzY3o2fV3h7uffL3Ln0w==
    dependencies:
      "@types/boom" "*"
      "@types/catbox" "*"
      "@types/iron" "*"
      "@types/joi" "*"
      "@types/mimos" "*"
      "@types/node" "*"
      "@types/podium" "*"
      "@types/shot" "*"
  
  "@types/iron@*":
    version "5.0.1"
    resolved "https://registry.yarnpkg.com/@types/iron/-/iron-5.0.1.tgz#5420bbda8623c48ee51b9a78ebad05d7305b4b24"
    integrity sha512-Ng5BkVGPt7Tw9k1OJ6qYwuD9+dmnWgActmsnnrdvs4075N8V2go1f6Pz8omG3q5rbHjXN6yzzZDYo3JOgAE/Ug==
    dependencies:
      "@types/node" "*"
  
  "@types/joi@*":
    version "14.3.3"
    resolved "https://registry.yarnpkg.com/@types/joi/-/joi-14.3.3.tgz#f251aa8150fc0b6a7ce9feab21802a28473de335"
    integrity sha512-6gAT/UkIzYb7zZulAbcof3lFxpiD5EI6xBeTvkL1wYN12pnFQ+y/+xl9BvnVgxkmaIDN89xWhGZLD9CvuOtZ9g==
  
  "@types/marked-terminal@^3.1.1":
    version "3.1.1"
    resolved "https://registry.yarnpkg.com/@types/marked-terminal/-/marked-terminal-3.1.1.tgz#130214af1afafda611f69e8528c07230a00b32b2"
    integrity sha512-nufBv756I0NrRQl0HjCRYycgLz3OcZRm/AMGufmWTEKO22XDWpiTuPwtAWXVj9BY51njLWKkhM9QSCId93M+1Q==
    dependencies:
      "@types/marked" "*"
      chalk "^2.4.1"
  
  "@types/marked@*", "@types/marked@^0.6.5":
    version "0.6.5"
    resolved "https://registry.yarnpkg.com/@types/marked/-/marked-0.6.5.tgz#3cf2a56ef615dad24aaf99784ef90a9eba4e29d8"
    integrity sha512-6kBKf64aVfx93UJrcyEZ+OBM5nGv4RLsI6sR1Ar34bpgvGVRoyTgpxn4ZmtxOM5aDTAaaznYuYUH8bUX3Nk3YA==
  
  "@types/mime-db@*":
    version "1.27.0"
    resolved "https://registry.yarnpkg.com/@types/mime-db/-/mime-db-1.27.0.tgz#9bc014a1fd1fdf47649c1a54c6dd7966b8284792"
    integrity sha1-m8AUof0f30dknBpUxt15ZrgoR5I=
  
  "@types/mimos@*":
    version "3.0.1"
    resolved "https://registry.yarnpkg.com/@types/mimos/-/mimos-3.0.1.tgz#59d96abe1c9e487e7463fe41e8d86d76b57a441a"
    integrity sha512-MATIRH4VMIJki8lcYUZdNQEHuAG7iQ1FWwoLgxV+4fUOly2xZYdhHtGgvQyWiTeJqq2tZbE0nOOgZD6pR0FpNQ==
    dependencies:
      "@types/mime-db" "*"
  
  "@types/minimist@^1.2.0":
    version "1.2.0"
    resolved "https://registry.yarnpkg.com/@types/minimist/-/minimist-1.2.0.tgz#69a23a3ad29caf0097f06eda59b361ee2f0639f6"
    integrity sha1-aaI6OtKcrwCX8G7aWbNh7i8GOfY=
  
  "@types/node@*":
    version "12.0.8"
    resolved "https://registry.yarnpkg.com/@types/node/-/node-12.0.8.tgz#551466be11b2adc3f3d47156758f610bd9f6b1d8"
    integrity sha512-b8bbUOTwzIY3V5vDTY1fIJ+ePKDUBqt2hC2woVGotdQQhG/2Sh62HOKHrT7ab+VerXAcPyAiTEipPu/FsreUtg==
  
  "@types/podium@*":
    version "1.0.0"
    resolved "https://registry.yarnpkg.com/@types/podium/-/podium-1.0.0.tgz#bfaa2151be2b1d6109cc69f7faa9dac2cba3bb20"
    integrity sha1-v6ohUb4rHWEJzGn3+qnawsujuyA=
  
  "@types/shot@*":
    version "4.0.0"
    resolved "https://registry.yarnpkg.com/@types/shot/-/shot-4.0.0.tgz#7545500c489b65c69b5bc5446ba4fef3bd26af92"
    integrity sha512-Xv+n8yfccuicMlwBY58K5PVVNtXRm7uDzcwwmCarBxMP+XxGfnh1BI06YiVAsPbTAzcnYsrzpoS5QHeyV7LS8A==
    dependencies:
      "@types/node" "*"
  
  accept@3.x.x:
    version "3.1.3"
    resolved "https://registry.yarnpkg.com/accept/-/accept-3.1.3.tgz#29c3e2b3a8f4eedbc2b690e472b9ebbdc7385e87"
    integrity sha512-OgOEAidVEOKPup+Gv2+2wdH2AgVKI9LxsJ4hicdJ6cY0faUuZdZoi56kkXWlHp9qicN1nWQLmW5ZRGk+SBS5xg==
    dependencies:
      boom "7.x.x"
      hoek "6.x.x"
  
  ammo@3.x.x:
    version "3.0.3"
    resolved "https://registry.yarnpkg.com/ammo/-/ammo-3.0.3.tgz#502aafa9d8bfca264143e226e5f322716e746b0c"
    integrity sha512-vo76VJ44MkUBZL/BzpGXaKzMfroF4ZR6+haRuw9p+eSWfoNaH2AxVc8xmiEPC08jhzJSeM6w7/iMUGet8b4oBQ==
    dependencies:
      hoek "6.x.x"
  
  ansi-escapes@^3.1.0:
    version "3.2.0"
    resolved "https://registry.yarnpkg.com/ansi-escapes/-/ansi-escapes-3.2.0.tgz#8780b98ff9dbf5638152d1f1fe5c1d7b4442976b"
    integrity sha512-cBhpre4ma+U0T1oM5fXg7Dy1Jw7zzwv7lt/GoCpr+hDQJoYnKVPLL4dCvSEFMmQurOQvSrwT7SL/DAlhBI97RQ==
  
  ansi-styles@^3.2.1:
    version "3.2.1"
    resolved "https://registry.yarnpkg.com/ansi-styles/-/ansi-styles-3.2.1.tgz#41fbb20243e50b12be0f04b8dedbf07520ce841d"
    integrity sha512-VT0ZI6kZRdTh8YyJw3SMbYm/u+NqfsAxEpWO0Pf9sq8/e94WxxOpPKx9FR1FlyCtOVDNOQ+8ntlqFxiRc+r5qA==
    dependencies:
      color-convert "^1.9.0"
  
  ansicolors@~0.3.2:
    version "0.3.2"
    resolved "https://registry.yarnpkg.com/ansicolors/-/ansicolors-0.3.2.tgz#665597de86a9ffe3aa9bfbe6cae5c6ea426b4979"
    integrity sha1-ZlWX3oap/+Oqm/vmyuXG6kJrSXk=
  
  arg@^4.1.0:
    version "4.1.0"
    resolved "https://registry.yarnpkg.com/arg/-/arg-4.1.0.tgz#583c518199419e0037abb74062c37f8519e575f0"
    integrity sha512-ZWc51jO3qegGkVh8Hwpv636EkbesNV5ZNQPCtRa+0qytRYPEs9IYT9qITY9buezqUH5uqyzlWLcufrzU2rffdg==
  
  b64@4.x.x:
    version "4.1.2"
    resolved "https://registry.yarnpkg.com/b64/-/b64-4.1.2.tgz#7015372ba8101f7fb18da070717a93c28c8580d8"
    integrity sha512-+GUspBxlH3CJaxMUGUE1EBoWM6RKgWiYwUDal0qdf8m3ArnXNN1KzKVo5HOnE/FSq4HHyWf3TlHLsZI8PKQgrQ==
    dependencies:
      hoek "6.x.x"
  
  boom@7.x.x:
    version "7.3.0"
    resolved "https://registry.yarnpkg.com/boom/-/boom-7.3.0.tgz#733a6d956d33b0b1999da3fe6c12996950d017b9"
    integrity sha512-Swpoyi2t5+GhOEGw8rEsKvTxFLIDiiKoUc2gsoV6Lyr43LHBIzch3k2MvYUs8RTROrIkVJ3Al0TkaOGjnb+B6A==
    dependencies:
      hoek "6.x.x"
  
  bounce@1.x.x:
    version "1.2.3"
    resolved "https://registry.yarnpkg.com/bounce/-/bounce-1.2.3.tgz#2b286d36eb21d5f08fe672dd8cd37a109baad121"
    integrity sha512-3G7B8CyBnip5EahCZJjnvQ1HLyArC6P5e+xcolo13BVI9ogFaDOsNMAE7FIWliHtIkYI8/nTRCvCY9tZa3Mu4g==
    dependencies:
      boom "7.x.x"
      hoek "6.x.x"
  
  bourne@1.x.x:
    version "1.1.2"
    resolved "https://registry.yarnpkg.com/bourne/-/bourne-1.1.2.tgz#e290b5bd7166635632eaf8ef12b006b2d4a75b83"
    integrity sha512-b2dgVkTZhkQirNMohgC00rWfpVqEi9y5tKM1k3JvoNx05ODtfQoPPd4js9CYFQoY0IM8LAmnJulEuWv74zjUOg==
  
  buffer-from@^1.0.0:
    version "1.1.1"
    resolved "https://registry.yarnpkg.com/buffer-from/-/buffer-from-1.1.1.tgz#32713bc028f75c02fdb710d7c7bcec1f2c6070ef"
    integrity sha512-MQcXEUbCKtEo7bhqEs6560Hyd4XaovZlO/k9V3hjVUF/zwW7KBVdSK4gIt/bzwS9MbR5qob+F5jusZsb0YQK2A==
  
  call@5.x.x:
    version "5.0.3"
    resolved "https://registry.yarnpkg.com/call/-/call-5.0.3.tgz#5dc82c698141c2d45c51a9c3c7e0697f43ac46a2"
    integrity sha512-eX16KHiAYXugbFu6VifstSdwH6aMuWWb4s0qvpq1nR1b+Sf+u68jjttg8ixDBEldPqBi30bDU35OJQWKeTLKxg==
    dependencies:
      boom "7.x.x"
      hoek "6.x.x"
  
  cardinal@^2.1.1:
    version "2.1.1"
    resolved "https://registry.yarnpkg.com/cardinal/-/cardinal-2.1.1.tgz#7cc1055d822d212954d07b085dea251cc7bc5505"
    integrity sha1-fMEFXYItISlU0HsIXeolHMe8VQU=
    dependencies:
      ansicolors "~0.3.2"
      redeyed "~2.1.0"
  
  catbox-memory@4.x.x:
    version "4.0.1"
    resolved "https://registry.yarnpkg.com/catbox-memory/-/catbox-memory-4.0.1.tgz#3371ae0dd91bbf5d9dd88dcab5332470354cbd1f"
    integrity sha512-ZmqNiLsYCIu9qvBJ/MQbznDV2bFH5gFiH67TgIJgSSffJFtTXArT+MM3AvJQlby9NSkLHOX4eH/uuUqnch/Ldw==
    dependencies:
      boom "7.x.x"
      hoek "6.x.x"
  
  catbox@10.x.x:
    version "10.0.6"
    resolved "https://registry.yarnpkg.com/catbox/-/catbox-10.0.6.tgz#d8d8dc3c36c965560539f94245904b229a8af428"
    integrity sha512-gQWCnF/jbHcfwGbQ4FQxyRiAwLRipqWTTXjpq7rTqqdcsnZosFa0L3LsCZcPTF33QIeMMkS7QmFBHt6QdzGPvg==
    dependencies:
      boom "7.x.x"
      hoek "6.x.x"
      joi "14.x.x"
  
  chalk@^2.4.1:
    version "2.4.2"
    resolved "https://registry.yarnpkg.com/chalk/-/chalk-2.4.2.tgz#cd42541677a54333cf541a49108c1432b44c9424"
    integrity sha512-Mti+f9lpJNcwF4tWV8/OrTTtF1gZi+f8FqlyAdouralcFWFQWF2+NgCHShjkCb+IFBLq9buZwE1xckQU4peSuQ==
    dependencies:
      ansi-styles "^3.2.1"
      escape-string-regexp "^1.0.5"
      supports-color "^5.3.0"
  
  cli-table@^0.3.1:
    version "0.3.1"
    resolved "https://registry.yarnpkg.com/cli-table/-/cli-table-0.3.1.tgz#f53b05266a8b1a0b934b3d0821e6e2dc5914ae23"
    integrity sha1-9TsFJmqLGguTSz0IIebi3FkUriM=
    dependencies:
      colors "1.0.3"
  
  color-convert@^1.9.0:
    version "1.9.3"
    resolved "https://registry.yarnpkg.com/color-convert/-/color-convert-1.9.3.tgz#bb71850690e1f136567de629d2d5471deda4c1e8"
    integrity sha512-QfAUtd+vFdAtFQcC8CCyYt1fYWxSqAiK2cSD6zDB8N3cpsEBAvRxp9zOGg6G/SHHJYAT88/az/IuDGALsNVbGg==
    dependencies:
      color-name "1.1.3"
  
  color-name@1.1.3:
    version "1.1.3"
    resolved "https://registry.yarnpkg.com/color-name/-/color-name-1.1.3.tgz#a7d0558bd89c42f795dd42328f740831ca53bc25"
    integrity sha1-p9BVi9icQveV3UIyj3QIMcpTvCU=
  
  colors@1.0.3:
    version "1.0.3"
    resolved "https://registry.yarnpkg.com/colors/-/colors-1.0.3.tgz#0433f44d809680fdeb60ed260f1b0c262e82a40b"
    integrity sha1-BDP0TYCWgP3rYO0mDxsMJi6CpAs=
  
  content@4.x.x:
    version "4.0.6"
    resolved "https://registry.yarnpkg.com/content/-/content-4.0.6.tgz#76ffd96c5cbccf64fe3923cbb9c48b8bc04b273e"
    integrity sha512-lR9ND3dXiMdmsE84K6l02rMdgiBVmtYWu1Vr/gfSGHcIcznBj2QxmSdUgDuNFOA+G9yrb1IIWkZ7aKtB6hDGyA==
    dependencies:
      boom "7.x.x"
  
  cryptiles@4.x.x:
    version "4.1.3"
    resolved "https://registry.yarnpkg.com/cryptiles/-/cryptiles-4.1.3.tgz#2461d3390ea0b82c643a6ba79f0ed491b0934c25"
    integrity sha512-gT9nyTMSUC1JnziQpPbxKGBbUg8VL7Zn2NB4E1cJYvuXdElHrwxrV9bmltZGDzet45zSDGyYceueke1TjynGzw==
    dependencies:
      boom "7.x.x"
  
  debug@^4.0.1, debug@^4.1.1:
    version "4.1.1"
    resolved "https://registry.yarnpkg.com/debug/-/debug-4.1.1.tgz#3b72260255109c6b589cee050f1d516139664791"
    integrity sha512-pYAIzeRo8J6KPEaJ0VWOh5Pzkbw/RetuzehGM7QRRX5he4fPHx2rdKMB256ehJCkX+XRQm16eZLqLNS8RSZXZw==
    dependencies:
      ms "^2.1.1"
  
  diff@^4.0.1:
    version "4.0.1"
    resolved "https://registry.yarnpkg.com/diff/-/diff-4.0.1.tgz#0c667cb467ebbb5cea7f14f135cc2dba7780a8ff"
    integrity sha512-s2+XdvhPCOF01LRQBC8hf4vhbVmI2CGS5aZnxLJlT5FtdhPCDFq80q++zK2KlrVorVDdL5BOGZ/VfLrVtYNF+Q==
  
  escape-string-regexp@^1.0.5:
    version "1.0.5"
    resolved "https://registry.yarnpkg.com/escape-string-regexp/-/escape-string-regexp-1.0.5.tgz#1b61c0562190a8dff6ae3bb2cf0200ca130b86d4"
    integrity sha1-G2HAViGQqN/2rjuyzwIAyhMLhtQ=
  
  esprima@~4.0.0:
    version "4.0.1"
    resolved "https://registry.yarnpkg.com/esprima/-/esprima-4.0.1.tgz#13b04cdb3e6c5d19df91ab6987a8695619b0aa71"
    integrity sha512-eGuFFw7Upda+g4p+QHvnW0RyTX/SVeJBDM/gCtMARO0cLuT2HcEKnTPvhjV6aGeqrCB/sbNop0Kszm0jsaWU4A==
  
  fs-extra@^8.0.1:
    version "8.0.1"
    resolved "https://registry.yarnpkg.com/fs-extra/-/fs-extra-8.0.1.tgz#90294081f978b1f182f347a440a209154344285b"
    integrity sha512-W+XLrggcDzlle47X/XnS7FXrXu9sDo+Ze9zpndeBxdgv88FHLm1HtmkhEwavruS6koanBjp098rUpHs65EmG7A==
    dependencies:
      graceful-fs "^4.1.2"
      jsonfile "^4.0.0"
      universalify "^0.1.0"
  
  graceful-fs@^4.1.2, graceful-fs@^4.1.6:
    version "4.1.15"
    resolved "https://registry.yarnpkg.com/graceful-fs/-/graceful-fs-4.1.15.tgz#ffb703e1066e8a0eeaa4c8b80ba9253eeefbfb00"
    integrity sha512-6uHUhOPEBgQ24HM+r6b/QwWfZq+yiFcipKFrOFiBEnWdy5sdzYoi+pJeQaPI5qOLRFqWmAXUPQNsielzdLoecA==
  
  hapi@^18.1.0:
    version "18.1.0"
    resolved "https://registry.yarnpkg.com/hapi/-/hapi-18.1.0.tgz#98a2a5a8f37a41eb196bdad9727f66b1fbca5fec"
    integrity sha512-nSU1VLyTAgp7P5gy47QzJIP2JAb+wOFvJIV3gnL0lFj/mD+HuTXhyUsDYXjF/dhADMVXVEz31z6SUHBJhtsvGA==
    dependencies:
      accept "3.x.x"
      ammo "3.x.x"
      boom "7.x.x"
      bounce "1.x.x"
      call "5.x.x"
      catbox "10.x.x"
      catbox-memory "4.x.x"
      heavy "6.x.x"
      hoek "6.x.x"
      joi "14.x.x"
      mimos "4.x.x"
      podium "3.x.x"
      shot "4.x.x"
      somever "2.x.x"
      statehood "6.x.x"
      subtext "6.x.x"
      teamwork "3.x.x"
      topo "3.x.x"
  
  has-flag@^2.0.0:
    version "2.0.0"
    resolved "https://registry.yarnpkg.com/has-flag/-/has-flag-2.0.0.tgz#e8207af1cc7b30d446cc70b734b5e8be18f88d51"
    integrity sha1-6CB68cx7MNRGzHC3NLXovhj4jVE=
  
  has-flag@^3.0.0:
    version "3.0.0"
    resolved "https://registry.yarnpkg.com/has-flag/-/has-flag-3.0.0.tgz#b5d454dc2199ae225699f3467e5a07f3b955bafd"
    integrity sha1-tdRU3CGZriJWmfNGfloH87lVuv0=
  
  has-flag@^4.0.0:
    version "4.0.0"
    resolved "https://registry.yarnpkg.com/has-flag/-/has-flag-4.0.0.tgz#944771fd9c81c81265c4d6941860da06bb59479b"
    integrity sha512-EykJT/Q1KjTWctppgIAgfSO0tKVuZUjhgMr17kqTumMl6Afv3EISleU7qZUzoXDFTAHTDC4NOoG/ZxU3EvlMPQ==
  
  heavy@6.x.x:
    version "6.1.2"
    resolved "https://registry.yarnpkg.com/heavy/-/heavy-6.1.2.tgz#e5d56f18170a37b01d4381bc07fece5edc68520b"
    integrity sha512-cJp884bqhiebNcEHydW0g6V1MUGYOXRPw9c7MFiHQnuGxtbWuSZpsbojwb2kxb3AA1/Rfs8CNiV9MMOF8pFRDg==
    dependencies:
      boom "7.x.x"
      hoek "6.x.x"
      joi "14.x.x"
  
  hoek@6.x.x:
    version "6.1.3"
    resolved "https://registry.yarnpkg.com/hoek/-/hoek-6.1.3.tgz#73b7d33952e01fe27a38b0457294b79dd8da242c"
    integrity sha512-YXXAAhmF9zpQbC7LEcREFtXfGq5K1fmd+4PHkBq8NUqmzW3G+Dq10bI/i0KucLRwss3YYFQ0fSfoxBZYiGUqtQ==
  
  iron@5.x.x:
    version "5.0.6"
    resolved "https://registry.yarnpkg.com/iron/-/iron-5.0.6.tgz#7121d4a6e3ac2f65e4d02971646fea1995434744"
    integrity sha512-zYUMOSkEXGBdwlV/AXF9zJC0aLuTJUKHkGeYS5I2g225M5i6SrxQyGJGhPgOR8BK1omL6N5i6TcwfsXbP8/Exw==
    dependencies:
      b64 "4.x.x"
      boom "7.x.x"
      cryptiles "4.x.x"
      hoek "6.x.x"
  
  isemail@3.x.x:
    version "3.2.0"
    resolved "https://registry.yarnpkg.com/isemail/-/isemail-3.2.0.tgz#59310a021931a9fb06bbb51e155ce0b3f236832c"
    integrity sha512-zKqkK+O+dGqevc93KNsbZ/TqTUFd46MwWjYOoMrjIMZ51eU7DtQG3Wmd9SQQT7i7RVnuTPEiYEWHU3MSbxC1Tg==
    dependencies:
      punycode "2.x.x"
  
  joi@14.x.x:
    version "14.3.1"
    resolved "https://registry.yarnpkg.com/joi/-/joi-14.3.1.tgz#164a262ec0b855466e0c35eea2a885ae8b6c703c"
    integrity sha512-LQDdM+pkOrpAn4Lp+neNIFV3axv1Vna3j38bisbQhETPMANYRbFJFUyOZcOClYvM/hppMhGWuKSFEK9vjrB+bQ==
    dependencies:
      hoek "6.x.x"
      isemail "3.x.x"
      topo "3.x.x"
  
  jsonfile@^4.0.0:
    version "4.0.0"
    resolved "https://registry.yarnpkg.com/jsonfile/-/jsonfile-4.0.0.tgz#8771aae0799b64076b76640fca058f9c10e33ecb"
    integrity sha1-h3Gq4HmbZAdrdmQPygWPnBDjPss=
    optionalDependencies:
      graceful-fs "^4.1.6"
  
  lodash.toarray@^4.4.0:
    version "4.4.0"
    resolved "https://registry.yarnpkg.com/lodash.toarray/-/lodash.toarray-4.4.0.tgz#24c4bfcd6b2fba38bfd0594db1179d8e9b656561"
    integrity sha1-JMS/zWsvuji/0FlNsRedjptlZWE=
  
  make-error@^1.1.1:
    version "1.3.5"
    resolved "https://registry.yarnpkg.com/make-error/-/make-error-1.3.5.tgz#efe4e81f6db28cadd605c70f29c831b58ef776c8"
    integrity sha512-c3sIjNUow0+8swNwVpqoH4YCShKNFkMaw6oH1mNS2haDZQqkeZFlHS3dhoeEbKKmJB4vXpJucU6oH75aDYeE9g==
  
  marked-terminal@^3.2.0:
    version "3.2.0"
    resolved "https://registry.yarnpkg.com/marked-terminal/-/marked-terminal-3.2.0.tgz#3fc91d54569332bcf096292af178d82219000474"
    integrity sha512-Yr1yVS0BbDG55vx7be1D0mdv+jGs9AW563o/Tt/7FTsId2J0yqhrTeXAqq/Q0DyyXltIn6CSxzesQuFqXgafjQ==
    dependencies:
      ansi-escapes "^3.1.0"
      cardinal "^2.1.1"
      chalk "^2.4.1"
      cli-table "^0.3.1"
      node-emoji "^1.4.1"
      supports-hyperlinks "^1.0.1"
  
  marked@^0.6.2:
    version "0.6.2"
    resolved "https://registry.yarnpkg.com/marked/-/marked-0.6.2.tgz#c574be8b545a8b48641456ca1dbe0e37b6dccc1a"
    integrity sha512-LqxwVH3P/rqKX4EKGz7+c2G9r98WeM/SW34ybhgNGhUQNKtf1GmmSkJ6cDGJ/t6tiyae49qRkpyTw2B9HOrgUA==
  
  mime-db@1.x.x:
    version "1.40.0"
    resolved "https://registry.yarnpkg.com/mime-db/-/mime-db-1.40.0.tgz#a65057e998db090f732a68f6c276d387d4126c32"
    integrity sha512-jYdeOMPy9vnxEqFRRo6ZvTZ8d9oPb+k18PKoYNYUe2stVEBPPwsln/qWzdbmaIvnhZ9v2P+CuecK+fpUfsV2mA==
  
  mimos@4.x.x:
    version "4.0.2"
    resolved "https://registry.yarnpkg.com/mimos/-/mimos-4.0.2.tgz#f2762d7c60118ce51c2231afa090bc335d21d0f8"
    integrity sha512-5XBsDqBqzSN88XPPH/TFpOalWOjHJM5Z2d3AMx/30iq+qXvYKd/8MPhqBwZDOLtoaIWInR3nLzMQcxfGK9djXA==
    dependencies:
      hoek "6.x.x"
      mime-db "1.x.x"
  
  minimist@^1.2.0:
    version "1.2.0"
    resolved "https://registry.yarnpkg.com/minimist/-/minimist-1.2.0.tgz#a35008b20f41383eec1fb914f4cd5df79a264284"
    integrity sha1-o1AIsg9BOD7sH7kU9M1d95omQoQ=
  
  ms@^2.1.1:
    version "2.1.2"
    resolved "https://registry.yarnpkg.com/ms/-/ms-2.1.2.tgz#d09d1f357b443f493382a8eb3ccd183872ae6009"
    integrity sha512-sGkPx+VjMtmA6MX27oA4FBFELFCZZ4S4XqeGOXCv68tT+jb3vk/RyaKWP0PTKyWtmLSM0b+adUTEvbs1PEaH2w==
  
  nigel@3.x.x:
    version "3.0.4"
    resolved "https://registry.yarnpkg.com/nigel/-/nigel-3.0.4.tgz#edcd82f2e9387fe34ba21e3127ae4891547c7945"
    integrity sha512-3SZCCS/duVDGxFpTROHEieC+itDo4UqL9JNUyQJv3rljudQbK6aqus5B4470OxhESPJLN93Qqxg16rH7DUjbfQ==
    dependencies:
      hoek "6.x.x"
      vise "3.x.x"
  
  node-emoji@^1.4.1:
    version "1.10.0"
    resolved "https://registry.yarnpkg.com/node-emoji/-/node-emoji-1.10.0.tgz#8886abd25d9c7bb61802a658523d1f8d2a89b2da"
    integrity sha512-Yt3384If5H6BYGVHiHwTL+99OzJKHhgp82S8/dktEK73T26BazdgZ4JZh92xSVtGNJvz9UbXdNAc5hcrXV42vw==
    dependencies:
      lodash.toarray "^4.4.0"
  
  pez@4.x.x:
    version "4.0.5"
    resolved "https://registry.yarnpkg.com/pez/-/pez-4.0.5.tgz#a975c49deff330d298d82851b39f81c2710556df"
    integrity sha512-HvL8uiFIlkXbx/qw4B8jKDCWzo7Pnnd65Uvanf9OOCtb20MRcb9gtTVBf9NCnhETif1/nzbDHIjAWC/sUp7LIQ==
    dependencies:
      b64 "4.x.x"
      boom "7.x.x"
      content "4.x.x"
      hoek "6.x.x"
      nigel "3.x.x"
  
  podium@3.x.x:
    version "3.2.0"
    resolved "https://registry.yarnpkg.com/podium/-/podium-3.2.0.tgz#2a7c579ddd5408f412d014c9ffac080c41d83477"
    integrity sha512-rbwvxwVkI6gRRlxZQ1zUeafrpGxZ7QPHIheinehAvGATvGIPfWRkaTeWedc5P4YjXJXEV8ZbBxPtglNylF9hjw==
    dependencies:
      hoek "6.x.x"
      joi "14.x.x"
  
  punycode@2.x.x:
    version "2.1.1"
    resolved "https://registry.yarnpkg.com/punycode/-/punycode-2.1.1.tgz#b58b010ac40c22c5657616c8d2c2c02c7bf479ec"
    integrity sha512-XRsRjdf+j5ml+y/6GKHPZbrF/8p2Yga0JPtdqTIY2Xe5ohJPD9saDJJLPvp9+NSBprVvevdXZybnj2cv8OEd0A==
  
  redeyed@~2.1.0:
    version "2.1.1"
    resolved "https://registry.yarnpkg.com/redeyed/-/redeyed-2.1.1.tgz#8984b5815d99cb220469c99eeeffe38913e6cc0b"
    integrity sha1-iYS1gV2ZyyIEacme7v/jiRPmzAs=
    dependencies:
      esprima "~4.0.0"
  
  shot@4.x.x:
    version "4.0.7"
    resolved "https://registry.yarnpkg.com/shot/-/shot-4.0.7.tgz#b05d2858634fedc18ece99e8f638fab7c9f9d4c4"
    integrity sha512-RKaKAGKxJ11EjJl0cf2fYVSsd4KB5Cncb9J0v7w+0iIaXpxNqFWTYNDNhBX7f0XSyDrjOH9a4OWZ9Gp/ZML+ew==
    dependencies:
      hoek "6.x.x"
      joi "14.x.x"
  
  simple-git@^1.115.0:
    version "1.115.0"
    resolved "https://registry.yarnpkg.com/simple-git/-/simple-git-1.115.0.tgz#159a49cf95c5126d5903e36df67504a8c634e817"
    integrity sha512-PXcDVDgXifUE7/M2xUfQQ8uG3r73+kYRyPmsbc/iWwUrPbOASHt8p+HEbu85k546qmXixbcSPDg83kegw1vqcA==
    dependencies:
      debug "^4.0.1"
  
  somever@2.x.x:
    version "2.0.0"
    resolved "https://registry.yarnpkg.com/somever/-/somever-2.0.0.tgz#7bdbed3bee8ece2c7c8a2e7d9a1c022bd98d6c89"
    integrity sha512-9JaIPP+HxwYGqCDqqK3tRaTqdtQHoK6Qy3IrXhIt2q5x8fs8RcfU7BMWlFTCOgFazK8p88zIv1tHQXvAwtXMyw==
    dependencies:
      bounce "1.x.x"
      hoek "6.x.x"
  
  source-map-support@^0.5.6:
    version "0.5.12"
    resolved "https://registry.yarnpkg.com/source-map-support/-/source-map-support-0.5.12.tgz#b4f3b10d51857a5af0138d3ce8003b201613d599"
    integrity sha512-4h2Pbvyy15EE02G+JOZpUCmqWJuqrs+sEkzewTm++BPi7Hvn/HwcqLAcNxYAyI0x13CpPPn+kMjl+hplXMHITQ==
    dependencies:
      buffer-from "^1.0.0"
      source-map "^0.6.0"
  
  source-map@^0.6.0:
    version "0.6.1"
    resolved "https://registry.yarnpkg.com/source-map/-/source-map-0.6.1.tgz#74722af32e9614e9c287a8d0bbde48b5e2f1a263"
    integrity sha512-UjgapumWlbMhkBgzT7Ykc5YXUT46F0iKu8SGXq0bcwP5dz/h0Plj6enJqjz1Zbq2l5WaqYnrVbwWOWMyF3F47g==
  
  statehood@6.x.x:
    version "6.0.9"
    resolved "https://registry.yarnpkg.com/statehood/-/statehood-6.0.9.tgz#b347ae19818aec7fc26645fe1ec6a61928a57a3c"
    integrity sha512-jbFg1+MYEqfC7ABAoWZoeF4cQUtp3LUvMDUGExL76cMmleBHG7I6xlZFsE8hRi7nEySIvutHmVlLmBe9+2R5LQ==
    dependencies:
      boom "7.x.x"
      bounce "1.x.x"
      bourne "1.x.x"
      cryptiles "4.x.x"
      hoek "6.x.x"
      iron "5.x.x"
      joi "14.x.x"
  
  subtext@6.x.x:
    version "6.0.12"
    resolved "https://registry.yarnpkg.com/subtext/-/subtext-6.0.12.tgz#ac09be3eac1eca3396933adeadd65fc781f64fc1"
    integrity sha512-yT1wCDWVgqvL9BIkWzWqgj5spUSYo/Enu09iUV8t2ZvHcr2tKGTGg2kc9tUpVEsdhp1ihsZeTAiDqh0TQciTPQ==
    dependencies:
      boom "7.x.x"
      bourne "1.x.x"
      content "4.x.x"
      hoek "6.x.x"
      pez "4.x.x"
      wreck "14.x.x"
  
  supports-color@^5.0.0, supports-color@^5.3.0:
    version "5.5.0"
    resolved "https://registry.yarnpkg.com/supports-color/-/supports-color-5.5.0.tgz#e2e69a44ac8772f78a1ec0b35b689df6530efc8f"
    integrity sha512-QjVjwdXIt408MIiAqCX4oUKsgU2EqAGzs2Ppkm4aQYbjm+ZEWEcW4SfFNTr4uMNZma0ey4f5lgLrkB0aX0QMow==
    dependencies:
      has-flag "^3.0.0"
  
  supports-color@^7.0.0:
    version "7.0.0"
    resolved "https://registry.yarnpkg.com/supports-color/-/supports-color-7.0.0.tgz#f2392c50ab35bb3cae7beebf24d254a19f880c06"
    integrity sha512-WRt32iTpYEZWYOpcetGm0NPeSvaebccx7hhS/5M6sAiqnhedtFCHFxkjzZlJvFNCPowiKSFGiZk5USQDFy83vQ==
    dependencies:
      has-flag "^4.0.0"
  
  supports-hyperlinks@^1.0.1:
    version "1.0.1"
    resolved "https://registry.yarnpkg.com/supports-hyperlinks/-/supports-hyperlinks-1.0.1.tgz#71daedf36cc1060ac5100c351bb3da48c29c0ef7"
    integrity sha512-HHi5kVSefKaJkGYXbDuKbUGRVxqnWGn3J2e39CYcNJEfWciGq2zYtOhXLTlvrOZW1QU7VX67w7fMmWafHX9Pfw==
    dependencies:
      has-flag "^2.0.0"
      supports-color "^5.0.0"
  
  teamwork@3.x.x:
    version "3.2.0"
    resolved "https://registry.yarnpkg.com/teamwork/-/teamwork-3.2.0.tgz#27916edab815459c1a4686252eb18fb5925f49fa"
    integrity sha512-xAmJ8PIVjRZMXAHgUuOP8ITsv0SedyWAit2UWiNImXgg/F+BxrsG46ZegElNBM0Dwp+iMfbigg/Ll/M2oDRYww==
  
  topo@3.x.x:
    version "3.0.3"
    resolved "https://registry.yarnpkg.com/topo/-/topo-3.0.3.tgz#d5a67fb2e69307ebeeb08402ec2a2a6f5f7ad95c"
    integrity sha512-IgpPtvD4kjrJ7CRA3ov2FhWQADwv+Tdqbsf1ZnPUSAtCJ9e1Z44MmoSGDXGk4IppoZA7jd/QRkNddlLJWlUZsQ==
    dependencies:
      hoek "6.x.x"
  
  ts-node@^8.3.0:
    version "8.3.0"
    resolved "https://registry.yarnpkg.com/ts-node/-/ts-node-8.3.0.tgz#e4059618411371924a1fb5f3b125915f324efb57"
    integrity sha512-dyNS/RqyVTDcmNM4NIBAeDMpsAdaQ+ojdf0GOLqE6nwJOgzEkdRNzJywhDfwnuvB10oa6NLVG1rUJQCpRN7qoQ==
    dependencies:
      arg "^4.1.0"
      diff "^4.0.1"
      make-error "^1.1.1"
      source-map-support "^0.5.6"
      yn "^3.0.0"
  
  typescript@^3.5.2:
    version "3.5.2"
    resolved "https://registry.yarnpkg.com/typescript/-/typescript-3.5.2.tgz#a09e1dc69bc9551cadf17dba10ee42cf55e5d56c"
    integrity sha512-7KxJovlYhTX5RaRbUdkAXN1KUZ8PwWlTzQdHV6xNqvuFOs7+WBo10TQUqT19Q/Jz2hk5v9TQDIhyLhhJY4p5AA==
  
  universalify@^0.1.0:
    version "0.1.2"
    resolved "https://registry.yarnpkg.com/universalify/-/universalify-0.1.2.tgz#b646f69be3942dabcecc9d6639c80dc105efaa66"
    integrity sha512-rBJeI5CXAlmy1pV+617WB9J63U6XcazHHF2f2dbJix4XzpUF0RS3Zbj0FGIOCAva5P/d/GBOYaACQ1w+0azUkg==
  
  vise@3.x.x:
    version "3.0.2"
    resolved "https://registry.yarnpkg.com/vise/-/vise-3.0.2.tgz#9a8b7450f783aa776faa327fe47d7bfddb227266"
    integrity sha512-X52VtdRQbSBXdjcazRiY3eRgV3vTQ0B+7Wh8uC9cVv7lKfML5m9+9NHlbcgCY0R9EAqD1v/v7o9mhGh2A3ANFg==
    dependencies:
      hoek "6.x.x"
  
  wreck@14.x.x:
    version "14.2.0"
    resolved "https://registry.yarnpkg.com/wreck/-/wreck-14.2.0.tgz#0064a5b930fc675f57830c1fd28342da1a70b0fc"
    integrity sha512-NFFft3SMgqrJbXEVfYifh+QDWFxni+98/I7ut7rLbz3F0XOypluHsdo3mdEYssGSirMobM3fGlqhyikbWKDn2Q==
    dependencies:
      boom "7.x.x"
      bourne "1.x.x"
      hoek "6.x.x"
  
  yn@^3.0.0:
    version "3.1.0"
    resolved "https://registry.yarnpkg.com/yn/-/yn-3.1.0.tgz#fcbe2db63610361afcc5eb9e0ac91e976d046114"
    integrity sha512-kKfnnYkbTfrAdd0xICNFw7Atm8nKpLcLv9AZGEt+kczL/WQVai4e2V6ZN8U/O+iI6WrNuJjNNOyu4zfhl9D3Hg==
